Number of nodes: 3
Elapsed time: 103.889929500
Number of transactions: 150
Throughput in terms of transactions per second: .69259953000000000000

Number of nodes: 3
Elapsed time: 102.000000264
Number of transactions: 150
Throughput in terms of transactions per second: .68000000176000000000

Number of nodes: 3
Elapsed time: 101.701484612
Number of transactions: 150
Throughput in terms of transactions per second: .67800989741333333333

Number of nodes: 3
Elapsed time: 101.136042572
Number of transactions: 150
Throughput in terms of transactions per second: .67424028381333333333


Number of nodes: 3
Elapsed time: 104.544367116
Number of transactions: 150
Throughput in terms of transactions per second: .69696244744000000000

Number of nodes: 3
Elapsed time: 101.488375523
Number of transactions: 150
Throughput in terms of transactions per second: .67658917015333333333

Number of nodes: 3
Elapsed time: 101.304976633
Number of transactions: 150
Throughput in terms of transactions per second: .67536651088666666666

Number of nodes: 3
Elapsed time: 102.950551306
Number of transactions: 150
Throughput in terms of transactions per second: .68633700870666666666

Number of nodes: 3
Elapsed time: 99.078802013
Number of transactions: 150
Throughput in terms of transactions per second: .66052534675333333333
Number of nodes: 4
Elapsed time: 103.842261072
Number of transactions: 150
Throughput in terms of transactions per second: .69228174048000000000

Number of nodes: 4
Elapsed time: 106.942468183
Number of transactions: 150
Throughput in terms of transactions per second: .71294978788666666666

Number of nodes: 4
Elapsed time: 104.446707866
Number of transactions: 150
Throughput in terms of transactions per second: .69631138577333333333

Number of nodes: 4
Elapsed time: 107.174136709
Number of transactions: 150
Throughput in terms of transactions per second: .71449424472666666666

Number of nodes: 4
Elapsed time: 102.560959350
Number of transactions: 150
Throughput in terms of transactions per second: .68373972900000000000

Number of nodes: 4
Elapsed time: 105.853615778
Number of transactions: 150
Throughput in terms of transactions per second: .70569077185333333333

Number of nodes: 4
Elapsed time: 105.848272740
Number of transactions: 150
Throughput in terms of transactions per second: .70565515160000000000

Number of nodes: 4
Elapsed time: 103.909128332
Number of transactions: 150
Throughput in terms of transactions per second: .69272752221333333333

Number of nodes: 4
Elapsed time: 103.695251632
Number of transactions: 150
Throughput in terms of transactions per second: .69130167754666666666

Number of nodes: 5
Elapsed time: 167.439159850
Number of transactions: 150
Throughput in terms of transactions per second: 1.11626106566666666666
Number of nodes: 5

Elapsed time: 162.399004573
Number of transactions: 150
Throughput in terms of transactions per second: 1.08266003048666666666

Number of nodes: 5
Elapsed time: 168.453954965
Number of transactions: 150
Throughput in terms of transactions per second: 1.12302636643333333333

Number of nodes: 5
Elapsed time: 180.171379760
Number of transactions: 150
Throughput in terms of transactions per second: 1.20114253173333333333

Number of nodes: 5
Elapsed time: 188.300665223
Number of transactions: 150
Throughput in terms of transactions per second: 1.25533776815333333333

Number of nodes: 5
Elapsed time: 184.286888112
Number of transactions: 150
Throughput in terms of transactions per second: 1.22857925408000000000

Number of nodes: 5
Elapsed time: 170.392262480
Number of transactions: 150
Throughput in terms of transactions per second: 1.13594841653333333333

Number of nodes: 5
Elapsed time: 172.972839799
Number of transactions: 150
Throughput in terms of transactions per second: 1.15315226532666666666

Number of nodes: 5
Elapsed time: 159.972043541
Number of transactions: 150
Throughput in terms of transactions per second: 1.06648029027333333333
Number of nodes: 6
Elapsed time: 136.107926618
Number of transactions: 150
Throughput in terms of transactions per second: .90738617745333333333

Number of nodes: 6
Elapsed time: 133.358361706
Number of transactions: 150
Throughput in terms of transactions per second: .88905574470666666666

Number of nodes: 6
Elapsed time: 130.761871680
Number of transactions: 150
Throughput in terms of transactions per second: .87174581120000000000

Number of nodes: 6
Elapsed time: 127.429511332
Number of transactions: 150
Throughput in terms of transactions per second: .84953007554666666666

Number of nodes: 6
Elapsed time: 127.826828220
Number of transactions: 150
Throughput in terms of transactions per second: .85217885480000000000

Number of nodes: 6
Elapsed time: 133.733943796
Number of transactions: 150
Throughput in terms of transactions per second: .89155962530666666666

Number of nodes: 6
Elapsed time: 130.191191081
Number of transactions: 150
Throughput in terms of transactions per second: .86794127387333333333

Number of nodes: 6
Elapsed time: 130.044259895
Number of transactions: 150
Throughput in terms of transactions per second: .86696173263333333333

Number of nodes: 6
Elapsed time: 133.395215509
Number of transactions: 150
Throughput in terms of transactions per second: .88930143672666666666
